<?xml version="1.0" encoding="UTF-8"?>
<testng-results skipped="5" failed="7" ignored="29" total="56" passed="15">
  <reporter-output>
  </reporter-output>
  <suite name="PortFolio Suite" duration-ms="67324" started-at="2021-05-14T09:42:36 IST" finished-at="2021-05-14T09:43:43 IST">
    <groups>
    </groups>
    <test name="Create Portfolio-Create New Portfolio-pos-It.1" duration-ms="50787" started-at="2021-05-14T09:42:36 IST" finished-at="2021-05-14T09:43:27 IST">
      <class name="testcases.rediff.PortfolioManagement">
        <test-method status="PASS" signature="beforeTest(org.testng.ITestContext)[pri:0, instance:testcases.rediff.PortfolioManagement@12843fce]" name="beforeTest" is-config="true" duration-ms="46341" started-at="2021-05-14T09:42:36 IST" finished-at="2021-05-14T09:43:22 IST">
          <params>
            <param index="0">
              <value>
                <![CDATA[org.testng.TestRunner@265c5d69]]>
              </value>
            </param>
          </params>
          <reporter-output>
          </reporter-output>
        </test-method> <!-- beforeTest -->
        <test-method status="PASS" signature="beforeMethod(org.testng.ITestContext)[pri:0, instance:testcases.rediff.PortfolioManagement@12843fce]" name="beforeMethod" is-config="true" duration-ms="1" started-at="2021-05-14T09:43:22 IST" finished-at="2021-05-14T09:43:22 IST">
          <params>
            <param index="0">
              <value>
                <![CDATA[org.testng.TestRunner@265c5d69]]>
              </value>
            </param>
          </params>
          <reporter-output>
          </reporter-output>
        </test-method> <!-- beforeMethod -->
        <test-method status="PASS" signature="createPortfolio(org.testng.ITestContext)[pri:0, instance:testcases.rediff.PortfolioManagement@12843fce]" name="createPortfolio" duration-ms="3237" started-at="2021-05-14T09:43:22 IST" finished-at="2021-05-14T09:43:26 IST">
          <params>
            <param index="0">
              <value>
                <![CDATA[org.testng.TestRunner@265c5d69]]>
              </value>
            </param>
          </params>
          <reporter-output>
          </reporter-output>
        </test-method> <!-- createPortfolio -->
        <test-method status="PASS" signature="quit(org.testng.ITestContext)[pri:0, instance:testcases.rediff.PortfolioManagement@12843fce]" name="quit" is-config="true" duration-ms="1169" started-at="2021-05-14T09:43:26 IST" finished-at="2021-05-14T09:43:27 IST">
          <params>
            <param index="0">
              <value>
                <![CDATA[org.testng.TestRunner@265c5d69]]>
              </value>
            </param>
          </params>
          <reporter-output>
          </reporter-output>
        </test-method> <!-- quit -->
      </class> <!-- testcases.rediff.PortfolioManagement -->
    </test> <!-- Create Portfolio-Create New Portfolio-pos-It.1 -->
    <test name="Create Portfolio-Create New Portfolio-pos-It.2" duration-ms="16503" started-at="2021-05-14T09:43:27 IST" finished-at="2021-05-14T09:43:43 IST">
      <class name="testcases.rediff.PortfolioManagement">
        <test-method status="PASS" signature="beforeTest(org.testng.ITestContext)[pri:0, instance:testcases.rediff.PortfolioManagement@32d992b2]" name="beforeTest" is-config="true" duration-ms="12232" started-at="2021-05-14T09:43:27 IST" finished-at="2021-05-14T09:43:39 IST">
          <params>
            <param index="0">
              <value>
                <![CDATA[org.testng.TestRunner@576c5536]]>
              </value>
            </param>
          </params>
          <reporter-output>
          </reporter-output>
        </test-method> <!-- beforeTest -->
        <test-method status="PASS" signature="beforeMethod(org.testng.ITestContext)[pri:0, instance:testcases.rediff.PortfolioManagement@32d992b2]" name="beforeMethod" is-config="true" duration-ms="1" started-at="2021-05-14T09:43:39 IST" finished-at="2021-05-14T09:43:39 IST">
          <params>
            <param index="0">
              <value>
                <![CDATA[org.testng.TestRunner@576c5536]]>
              </value>
            </param>
          </params>
          <reporter-output>
          </reporter-output>
        </test-method> <!-- beforeMethod -->
        <test-method status="PASS" signature="createPortfolio(org.testng.ITestContext)[pri:0, instance:testcases.rediff.PortfolioManagement@32d992b2]" name="createPortfolio" duration-ms="2908" started-at="2021-05-14T09:43:39 IST" finished-at="2021-05-14T09:43:42 IST">
          <params>
            <param index="0">
              <value>
                <![CDATA[org.testng.TestRunner@576c5536]]>
              </value>
            </param>
          </params>
          <reporter-output>
          </reporter-output>
        </test-method> <!-- createPortfolio -->
        <test-method status="PASS" signature="quit(org.testng.ITestContext)[pri:0, instance:testcases.rediff.PortfolioManagement@32d992b2]" name="quit" is-config="true" duration-ms="1362" started-at="2021-05-14T09:43:42 IST" finished-at="2021-05-14T09:43:43 IST">
          <params>
            <param index="0">
              <value>
                <![CDATA[org.testng.TestRunner@576c5536]]>
              </value>
            </param>
          </params>
          <reporter-output>
          </reporter-output>
        </test-method> <!-- quit -->
      </class> <!-- testcases.rediff.PortfolioManagement -->
    </test> <!-- Create Portfolio-Create New Portfolio-pos-It.2 -->
  </suite> <!-- PortFolio Suite -->
  <suite name="Stock Suite" duration-ms="116794" started-at="2021-05-14T09:43:43 IST" finished-at="2021-05-14T09:45:40 IST">
    <groups>
    </groups>
    <test name="Add New Stock-New Stock-It.1" duration-ms="22601" started-at="2021-05-14T09:43:43 IST" finished-at="2021-05-14T09:44:06 IST">
      <class name="testcases.rediff.PortfolioManagement">
        <test-method status="PASS" signature="beforeTest(org.testng.ITestContext)[pri:0, instance:testcases.rediff.PortfolioManagement@396a51ab]" name="beforeTest" is-config="true" duration-ms="12213" started-at="2021-05-14T09:43:43 IST" finished-at="2021-05-14T09:43:56 IST">
          <params>
            <param index="0">
              <value>
                <![CDATA[org.testng.TestRunner@8d8f754]]>
              </value>
            </param>
          </params>
          <reporter-output>
          </reporter-output>
        </test-method> <!-- beforeTest -->
        <test-method status="PASS" signature="beforeMethod(org.testng.ITestContext)[pri:0, instance:testcases.rediff.PortfolioManagement@396a51ab]" name="beforeMethod" is-config="true" duration-ms="1" started-at="2021-05-14T09:43:56 IST" finished-at="2021-05-14T09:43:56 IST">
          <params>
            <param index="0">
              <value>
                <![CDATA[org.testng.TestRunner@8d8f754]]>
              </value>
            </param>
          </params>
          <reporter-output>
          </reporter-output>
        </test-method> <!-- beforeMethod -->
        <test-method status="FAIL" signature="selectPortfolio(org.testng.ITestContext)[pri:0, instance:testcases.rediff.PortfolioManagement@396a51ab]" name="selectPortfolio" duration-ms="165" started-at="2021-05-14T09:43:56 IST" finished-at="2021-05-14T09:43:56 IST">
          <params>
            <param index="0">
              <value>
                <![CDATA[org.testng.TestRunner@8d8f754]]>
              </value>
            </param>
          </params>
          <exception class="java.lang.NullPointerException">
            <full-stacktrace>
              <![CDATA[java.lang.NullPointerException
at org.openqa.selenium.support.ui.Quotes.escape(Quotes.java:42)
at org.openqa.selenium.support.ui.Select.selectByVisibleText(Select.java:114)
at keywords.GenericKeywords.selectByVisibleText(GenericKeywords.java:111)
at testcases.rediff.PortfolioManagement.selectPortfolio(PortfolioManagement.java:44)
at sun.reflect.NativeMethodAccessorImpl.invoke0(Native Method)
at sun.reflect.NativeMethodAccessorImpl.invoke(NativeMethodAccessorImpl.java:62)
at sun.reflect.DelegatingMethodAccessorImpl.invoke(DelegatingMethodAccessorImpl.java:43)
at java.lang.reflect.Method.invoke(Method.java:498)
at org.testng.internal.MethodInvocationHelper.invokeMethod(MethodInvocationHelper.java:132)
at org.testng.internal.TestInvoker.invokeMethod(TestInvoker.java:599)
at org.testng.internal.TestInvoker.invokeTestMethod(TestInvoker.java:174)
at org.testng.internal.MethodRunner.runInSequence(MethodRunner.java:46)
at org.testng.internal.TestInvoker$MethodInvocationAgent.invoke(TestInvoker.java:822)
at org.testng.internal.TestInvoker.invokeTestMethods(TestInvoker.java:147)
at org.testng.internal.TestMethodWorker.invokeTestMethods(TestMethodWorker.java:146)
at org.testng.internal.TestMethodWorker.run(TestMethodWorker.java:128)
at java.util.ArrayList.forEach(ArrayList.java:1249)
at org.testng.TestRunner.privateRun(TestRunner.java:764)
at org.testng.TestRunner.run(TestRunner.java:585)
at org.testng.SuiteRunner.runTest(SuiteRunner.java:384)
at org.testng.SuiteRunner.runSequentially(SuiteRunner.java:378)
at org.testng.SuiteRunner.privateRun(SuiteRunner.java:337)
at org.testng.SuiteRunner.run(SuiteRunner.java:286)
at org.testng.SuiteRunnerWorker.runSuite(SuiteRunnerWorker.java:53)
at org.testng.SuiteRunnerWorker.run(SuiteRunnerWorker.java:96)
at org.testng.TestNG.runSuitesSequentially(TestNG.java:1218)
at org.testng.TestNG.runSuitesLocally(TestNG.java:1140)
at org.testng.TestNG.runSuites(TestNG.java:1069)
at org.testng.TestNG.run(TestNG.java:1037)
at runner.TestNGRunner.run(TestNGRunner.java:75)
at runner.JSONRunner.main(JSONRunner.java:110)
]]>
            </full-stacktrace>
          </exception> <!-- java.lang.NullPointerException -->
          <reporter-output>
          </reporter-output>
        </test-method> <!-- selectPortfolio -->
        <test-method status="PASS" signature="quit(org.testng.ITestContext)[pri:0, instance:testcases.rediff.PortfolioManagement@396a51ab]" name="quit" is-config="true" duration-ms="1288" started-at="2021-05-14T09:44:05 IST" finished-at="2021-05-14T09:44:06 IST">
          <params>
            <param index="0">
              <value>
                <![CDATA[org.testng.TestRunner@8d8f754]]>
              </value>
            </param>
          </params>
          <reporter-output>
          </reporter-output>
        </test-method> <!-- quit -->
      </class> <!-- testcases.rediff.PortfolioManagement -->
      <class name="testcases.rediff.StockManagement">
        <test-method status="PASS" signature="beforeMethod(org.testng.ITestContext)[pri:0, instance:testcases.rediff.StockManagement@51081592]" name="beforeMethod" is-config="true" duration-ms="2" started-at="2021-05-14T09:43:56 IST" finished-at="2021-05-14T09:43:56 IST">
          <params>
            <param index="0">
              <value>
                <![CDATA[org.testng.TestRunner@8d8f754]]>
              </value>
            </param>
          </params>
          <reporter-output>
          </reporter-output>
        </test-method> <!-- beforeMethod -->
        <test-method status="PASS" signature="addNewStock(org.testng.ITestContext)[pri:0, instance:testcases.rediff.StockManagement@51081592]" name="addNewStock" duration-ms="5677" started-at="2021-05-14T09:43:56 IST" finished-at="2021-05-14T09:44:01 IST">
          <params>
            <param index="0">
              <value>
                <![CDATA[org.testng.TestRunner@8d8f754]]>
              </value>
            </param>
          </params>
          <reporter-output>
          </reporter-output>
        </test-method> <!-- addNewStock -->
        <test-method status="PASS" signature="beforeMethod(org.testng.ITestContext)[pri:0, instance:testcases.rediff.StockManagement@51081592]" name="beforeMethod" is-config="true" duration-ms="0" started-at="2021-05-14T09:44:01 IST" finished-at="2021-05-14T09:44:01 IST">
          <params>
            <param index="0">
              <value>
                <![CDATA[org.testng.TestRunner@8d8f754]]>
              </value>
            </param>
          </params>
          <reporter-output>
          </reporter-output>
        </test-method> <!-- beforeMethod -->
        <test-method status="PASS" signature="verifyStockPresent(org.testng.ITestContext)[pri:0, instance:testcases.rediff.StockManagement@51081592]" name="verifyStockPresent" duration-ms="141" started-at="2021-05-14T09:44:01 IST" finished-at="2021-05-14T09:44:02 IST">
          <params>
            <param index="0">
              <value>
                <![CDATA[org.testng.TestRunner@8d8f754]]>
              </value>
            </param>
          </params>
          <reporter-output>
          </reporter-output>
        </test-method> <!-- verifyStockPresent -->
        <test-method status="PASS" signature="beforeMethod(org.testng.ITestContext)[pri:0, instance:testcases.rediff.StockManagement@51081592]" name="beforeMethod" is-config="true" duration-ms="0" started-at="2021-05-14T09:44:02 IST" finished-at="2021-05-14T09:44:02 IST">
          <params>
            <param index="0">
              <value>
                <![CDATA[org.testng.TestRunner@8d8f754]]>
              </value>
            </param>
          </params>
          <reporter-output>
          </reporter-output>
        </test-method> <!-- beforeMethod -->
        <test-method status="PASS" signature="verifyStockQuantity(java.lang.String, org.testng.ITestContext)[pri:0, instance:testcases.rediff.StockManagement@51081592]" name="verifyStockQuantity" duration-ms="134" started-at="2021-05-14T09:44:02 IST" finished-at="2021-05-14T09:44:02 IST">
          <params>
            <param index="0">
              <value>
                <![CDATA[addstock]]>
              </value>
            </param>
            <param index="1">
              <value>
                <![CDATA[org.testng.TestRunner@8d8f754]]>
              </value>
            </param>
          </params>
          <reporter-output>
          </reporter-output>
        </test-method> <!-- verifyStockQuantity -->
        <test-method status="PASS" signature="beforeMethod(org.testng.ITestContext)[pri:0, instance:testcases.rediff.StockManagement@51081592]" name="beforeMethod" is-config="true" duration-ms="1" started-at="2021-05-14T09:44:02 IST" finished-at="2021-05-14T09:44:02 IST">
          <params>
            <param index="0">
              <value>
                <![CDATA[org.testng.TestRunner@8d8f754]]>
              </value>
            </param>
          </params>
          <reporter-output>
          </reporter-output>
        </test-method> <!-- beforeMethod -->
        <test-method status="PASS" signature="verifyTransactionHistory(java.lang.String, org.testng.ITestContext)[pri:0, instance:testcases.rediff.StockManagement@51081592]" name="verifyTransactionHistory" duration-ms="2969" started-at="2021-05-14T09:44:02 IST" finished-at="2021-05-14T09:44:05 IST">
          <params>
            <param index="0">
              <value>
                <![CDATA[addstock]]>
              </value>
            </param>
            <param index="1">
              <value>
                <![CDATA[org.testng.TestRunner@8d8f754]]>
              </value>
            </param>
          </params>
          <reporter-output>
          </reporter-output>
        </test-method> <!-- verifyTransactionHistory -->
      </class> <!-- testcases.rediff.StockManagement -->
    </test> <!-- Add New Stock-New Stock-It.1 -->
    <test name="Add New Stock-New Stock-It.2" duration-ms="23728" started-at="2021-05-14T09:44:06 IST" finished-at="2021-05-14T09:44:30 IST">
      <class name="testcases.rediff.PortfolioManagement">
        <test-method status="PASS" signature="beforeTest(org.testng.ITestContext)[pri:0, instance:testcases.rediff.PortfolioManagement@5419f379]" name="beforeTest" is-config="true" duration-ms="14753" started-at="2021-05-14T09:44:06 IST" finished-at="2021-05-14T09:44:21 IST">
          <params>
            <param index="0">
              <value>
                <![CDATA[org.testng.TestRunner@115dcaea]]>
              </value>
            </param>
          </params>
          <reporter-output>
          </reporter-output>
        </test-method> <!-- beforeTest -->
        <test-method status="PASS" signature="beforeMethod(org.testng.ITestContext)[pri:0, instance:testcases.rediff.PortfolioManagement@5419f379]" name="beforeMethod" is-config="true" duration-ms="0" started-at="2021-05-14T09:44:21 IST" finished-at="2021-05-14T09:44:21 IST">
          <params>
            <param index="0">
              <value>
                <![CDATA[org.testng.TestRunner@115dcaea]]>
              </value>
            </param>
          </params>
          <reporter-output>
          </reporter-output>
        </test-method> <!-- beforeMethod -->
        <test-method status="FAIL" signature="selectPortfolio(org.testng.ITestContext)[pri:0, instance:testcases.rediff.PortfolioManagement@5419f379]" name="selectPortfolio" duration-ms="174" started-at="2021-05-14T09:44:21 IST" finished-at="2021-05-14T09:44:21 IST">
          <params>
            <param index="0">
              <value>
                <![CDATA[org.testng.TestRunner@115dcaea]]>
              </value>
            </param>
          </params>
          <exception class="java.lang.NullPointerException">
            <full-stacktrace>
              <![CDATA[java.lang.NullPointerException
at org.openqa.selenium.support.ui.Quotes.escape(Quotes.java:42)
at org.openqa.selenium.support.ui.Select.selectByVisibleText(Select.java:114)
at keywords.GenericKeywords.selectByVisibleText(GenericKeywords.java:111)
at testcases.rediff.PortfolioManagement.selectPortfolio(PortfolioManagement.java:44)
at sun.reflect.NativeMethodAccessorImpl.invoke0(Native Method)
at sun.reflect.NativeMethodAccessorImpl.invoke(NativeMethodAccessorImpl.java:62)
at sun.reflect.DelegatingMethodAccessorImpl.invoke(DelegatingMethodAccessorImpl.java:43)
at java.lang.reflect.Method.invoke(Method.java:498)
at org.testng.internal.MethodInvocationHelper.invokeMethod(MethodInvocationHelper.java:132)
at org.testng.internal.TestInvoker.invokeMethod(TestInvoker.java:599)
at org.testng.internal.TestInvoker.invokeTestMethod(TestInvoker.java:174)
at org.testng.internal.MethodRunner.runInSequence(MethodRunner.java:46)
at org.testng.internal.TestInvoker$MethodInvocationAgent.invoke(TestInvoker.java:822)
at org.testng.internal.TestInvoker.invokeTestMethods(TestInvoker.java:147)
at org.testng.internal.TestMethodWorker.invokeTestMethods(TestMethodWorker.java:146)
at org.testng.internal.TestMethodWorker.run(TestMethodWorker.java:128)
at java.util.ArrayList.forEach(ArrayList.java:1249)
at org.testng.TestRunner.privateRun(TestRunner.java:764)
at org.testng.TestRunner.run(TestRunner.java:585)
at org.testng.SuiteRunner.runTest(SuiteRunner.java:384)
at org.testng.SuiteRunner.runSequentially(SuiteRunner.java:378)
at org.testng.SuiteRunner.privateRun(SuiteRunner.java:337)
at org.testng.SuiteRunner.run(SuiteRunner.java:286)
at org.testng.SuiteRunnerWorker.runSuite(SuiteRunnerWorker.java:53)
at org.testng.SuiteRunnerWorker.run(SuiteRunnerWorker.java:96)
at org.testng.TestNG.runSuitesSequentially(TestNG.java:1218)
at org.testng.TestNG.runSuitesLocally(TestNG.java:1140)
at org.testng.TestNG.runSuites(TestNG.java:1069)
at org.testng.TestNG.run(TestNG.java:1037)
at runner.TestNGRunner.run(TestNGRunner.java:75)
at runner.JSONRunner.main(JSONRunner.java:110)
]]>
            </full-stacktrace>
          </exception> <!-- java.lang.NullPointerException -->
          <reporter-output>
          </reporter-output>
        </test-method> <!-- selectPortfolio -->
        <test-method status="PASS" signature="quit(org.testng.ITestContext)[pri:0, instance:testcases.rediff.PortfolioManagement@5419f379]" name="quit" is-config="true" duration-ms="1719" started-at="2021-05-14T09:44:28 IST" finished-at="2021-05-14T09:44:30 IST">
          <params>
            <param index="0">
              <value>
                <![CDATA[org.testng.TestRunner@115dcaea]]>
              </value>
            </param>
          </params>
          <reporter-output>
          </reporter-output>
        </test-method> <!-- quit -->
      </class> <!-- testcases.rediff.PortfolioManagement -->
      <class name="testcases.rediff.StockManagement">
        <test-method status="PASS" signature="beforeMethod(org.testng.ITestContext)[pri:0, instance:testcases.rediff.StockManagement@7dc7cbad]" name="beforeMethod" is-config="true" duration-ms="1" started-at="2021-05-14T09:44:21 IST" finished-at="2021-05-14T09:44:21 IST">
          <params>
            <param index="0">
              <value>
                <![CDATA[org.testng.TestRunner@115dcaea]]>
              </value>
            </param>
          </params>
          <reporter-output>
          </reporter-output>
        </test-method> <!-- beforeMethod -->
        <test-method status="PASS" signature="addNewStock(org.testng.ITestContext)[pri:0, instance:testcases.rediff.StockManagement@7dc7cbad]" name="addNewStock" duration-ms="5380" started-at="2021-05-14T09:44:21 IST" finished-at="2021-05-14T09:44:26 IST">
          <params>
            <param index="0">
              <value>
                <![CDATA[org.testng.TestRunner@115dcaea]]>
              </value>
            </param>
          </params>
          <reporter-output>
          </reporter-output>
        </test-method> <!-- addNewStock -->
        <test-method status="PASS" signature="beforeMethod(org.testng.ITestContext)[pri:0, instance:testcases.rediff.StockManagement@7dc7cbad]" name="beforeMethod" is-config="true" duration-ms="0" started-at="2021-05-14T09:44:26 IST" finished-at="2021-05-14T09:44:26 IST">
          <params>
            <param index="0">
              <value>
                <![CDATA[org.testng.TestRunner@115dcaea]]>
              </value>
            </param>
          </params>
          <reporter-output>
          </reporter-output>
        </test-method> <!-- beforeMethod -->
        <test-method status="FAIL" signature="verifyStockPresent(org.testng.ITestContext)[pri:0, instance:testcases.rediff.StockManagement@7dc7cbad]" name="verifyStockPresent" duration-ms="1676" started-at="2021-05-14T09:44:26 IST" finished-at="2021-05-14T09:44:28 IST">
          <params>
            <param index="0">
              <value>
                <![CDATA[org.testng.TestRunner@115dcaea]]>
              </value>
            </param>
          </params>
          <exception class="java.lang.AssertionError">
            <message>
              <![CDATA[The following asserts failed:
Stock Not Present Reliance Industries Ltd]]>
            </message>
            <full-stacktrace>
              <![CDATA[java.lang.AssertionError: The following asserts failed:
Stock Not Present Reliance Industries Ltd
at org.testng.asserts.SoftAssert.assertAll(SoftAssert.java:47)
at org.testng.asserts.SoftAssert.assertAll(SoftAssert.java:31)
at keywords.GenericKeywords.assertAll(GenericKeywords.java:199)
at keywords.GenericKeywords.reportFailure(GenericKeywords.java:192)
at testcases.rediff.StockManagement.verifyStockPresent(StockManagement.java:80)
at sun.reflect.NativeMethodAccessorImpl.invoke0(Native Method)
at sun.reflect.NativeMethodAccessorImpl.invoke(NativeMethodAccessorImpl.java:62)
at sun.reflect.DelegatingMethodAccessorImpl.invoke(DelegatingMethodAccessorImpl.java:43)
at java.lang.reflect.Method.invoke(Method.java:498)
at org.testng.internal.MethodInvocationHelper.invokeMethod(MethodInvocationHelper.java:132)
at org.testng.internal.TestInvoker.invokeMethod(TestInvoker.java:599)
at org.testng.internal.TestInvoker.invokeTestMethod(TestInvoker.java:174)
at org.testng.internal.MethodRunner.runInSequence(MethodRunner.java:46)
at org.testng.internal.TestInvoker$MethodInvocationAgent.invoke(TestInvoker.java:822)
at org.testng.internal.TestInvoker.invokeTestMethods(TestInvoker.java:147)
at org.testng.internal.TestMethodWorker.invokeTestMethods(TestMethodWorker.java:146)
at org.testng.internal.TestMethodWorker.run(TestMethodWorker.java:128)
at java.util.ArrayList.forEach(ArrayList.java:1249)
at org.testng.TestRunner.privateRun(TestRunner.java:764)
at org.testng.TestRunner.run(TestRunner.java:585)
at org.testng.SuiteRunner.runTest(SuiteRunner.java:384)
at org.testng.SuiteRunner.runSequentially(SuiteRunner.java:378)
at org.testng.SuiteRunner.privateRun(SuiteRunner.java:337)
at org.testng.SuiteRunner.run(SuiteRunner.java:286)
at org.testng.SuiteRunnerWorker.runSuite(SuiteRunnerWorker.java:53)
at org.testng.SuiteRunnerWorker.run(SuiteRunnerWorker.java:96)
at org.testng.TestNG.runSuitesSequentially(TestNG.java:1218)
at org.testng.TestNG.runSuitesLocally(TestNG.java:1140)
at org.testng.TestNG.runSuites(TestNG.java:1069)
at org.testng.TestNG.run(TestNG.java:1037)
at runner.TestNGRunner.run(TestNGRunner.java:75)
at runner.JSONRunner.main(JSONRunner.java:110)
]]>
            </full-stacktrace>
          </exception> <!-- java.lang.AssertionError -->
          <reporter-output>
          </reporter-output>
        </test-method> <!-- verifyStockPresent -->
        <test-method status="SKIP" signature="beforeMethod(org.testng.ITestContext)[pri:0, instance:testcases.rediff.StockManagement@7dc7cbad]" name="beforeMethod" is-config="true" duration-ms="1" started-at="2021-05-14T09:44:28 IST" finished-at="2021-05-14T09:44:28 IST">
          <params>
            <param index="0">
              <value>
                <![CDATA[org.testng.TestRunner@115dcaea]]>
              </value>
            </param>
          </params>
          <exception class="org.testng.SkipException">
            <message>
              <![CDATA[Critical Failure in Previous Tests]]>
            </message>
            <full-stacktrace>
              <![CDATA[org.testng.SkipException: Critical Failure in Previous Tests
at testbase.BaseTest.beforeMethod(BaseTest.java:73)
at sun.reflect.NativeMethodAccessorImpl.invoke0(Native Method)
at sun.reflect.NativeMethodAccessorImpl.invoke(NativeMethodAccessorImpl.java:62)
at sun.reflect.DelegatingMethodAccessorImpl.invoke(DelegatingMethodAccessorImpl.java:43)
at java.lang.reflect.Method.invoke(Method.java:498)
at org.testng.internal.MethodInvocationHelper.invokeMethod(MethodInvocationHelper.java:132)
at org.testng.internal.MethodInvocationHelper.invokeMethodConsideringTimeout(MethodInvocationHelper.java:61)
at org.testng.internal.ConfigInvoker.invokeConfigurationMethod(ConfigInvoker.java:366)
at org.testng.internal.ConfigInvoker.invokeConfigurations(ConfigInvoker.java:320)
at org.testng.internal.TestInvoker.runConfigMethods(TestInvoker.java:701)
at org.testng.internal.TestInvoker.invokeMethod(TestInvoker.java:527)
at org.testng.internal.TestInvoker.invokeTestMethod(TestInvoker.java:174)
at org.testng.internal.MethodRunner.runInSequence(MethodRunner.java:46)
at org.testng.internal.TestInvoker$MethodInvocationAgent.invoke(TestInvoker.java:822)
at org.testng.internal.TestInvoker.invokeTestMethods(TestInvoker.java:147)
at org.testng.internal.TestMethodWorker.invokeTestMethods(TestMethodWorker.java:146)
at org.testng.internal.TestMethodWorker.run(TestMethodWorker.java:128)
at java.util.ArrayList.forEach(ArrayList.java:1249)
at org.testng.TestRunner.privateRun(TestRunner.java:764)
at org.testng.TestRunner.run(TestRunner.java:585)
at org.testng.SuiteRunner.runTest(SuiteRunner.java:384)
at org.testng.SuiteRunner.runSequentially(SuiteRunner.java:378)
at org.testng.SuiteRunner.privateRun(SuiteRunner.java:337)
at org.testng.SuiteRunner.run(SuiteRunner.java:286)
at org.testng.SuiteRunnerWorker.runSuite(SuiteRunnerWorker.java:53)
at org.testng.SuiteRunnerWorker.run(SuiteRunnerWorker.java:96)
at org.testng.TestNG.runSuitesSequentially(TestNG.java:1218)
at org.testng.TestNG.runSuitesLocally(TestNG.java:1140)
at org.testng.TestNG.runSuites(TestNG.java:1069)
at org.testng.TestNG.run(TestNG.java:1037)
at runner.TestNGRunner.run(TestNGRunner.java:75)
at runner.JSONRunner.main(JSONRunner.java:110)
]]>
            </full-stacktrace>
          </exception> <!-- org.testng.SkipException -->
          <reporter-output>
          </reporter-output>
        </test-method> <!-- beforeMethod -->
        <test-method status="SKIP" signature="verifyStockQuantity(java.lang.String, org.testng.ITestContext)[pri:0, instance:testcases.rediff.StockManagement@7dc7cbad]" name="verifyStockQuantity" duration-ms="0" started-at="2021-05-14T09:44:28 IST" finished-at="2021-05-14T09:44:28 IST">
          <params>
            <param index="0">
              <value>
                <![CDATA[addstock]]>
              </value>
            </param>
            <param index="1">
              <value>
                <![CDATA[org.testng.TestRunner@115dcaea]]>
              </value>
            </param>
          </params>
          <exception class="org.testng.SkipException">
            <message>
              <![CDATA[Critical Failure in Previous Tests]]>
            </message>
            <full-stacktrace>
              <![CDATA[org.testng.SkipException: Critical Failure in Previous Tests
at testbase.BaseTest.beforeMethod(BaseTest.java:73)
at sun.reflect.NativeMethodAccessorImpl.invoke0(Native Method)
at sun.reflect.NativeMethodAccessorImpl.invoke(NativeMethodAccessorImpl.java:62)
at sun.reflect.DelegatingMethodAccessorImpl.invoke(DelegatingMethodAccessorImpl.java:43)
at java.lang.reflect.Method.invoke(Method.java:498)
at org.testng.internal.MethodInvocationHelper.invokeMethod(MethodInvocationHelper.java:132)
at org.testng.internal.MethodInvocationHelper.invokeMethodConsideringTimeout(MethodInvocationHelper.java:61)
at org.testng.internal.ConfigInvoker.invokeConfigurationMethod(ConfigInvoker.java:366)
at org.testng.internal.ConfigInvoker.invokeConfigurations(ConfigInvoker.java:320)
at org.testng.internal.TestInvoker.runConfigMethods(TestInvoker.java:701)
at org.testng.internal.TestInvoker.invokeMethod(TestInvoker.java:527)
at org.testng.internal.TestInvoker.invokeTestMethod(TestInvoker.java:174)
at org.testng.internal.MethodRunner.runInSequence(MethodRunner.java:46)
at org.testng.internal.TestInvoker$MethodInvocationAgent.invoke(TestInvoker.java:822)
at org.testng.internal.TestInvoker.invokeTestMethods(TestInvoker.java:147)
at org.testng.internal.TestMethodWorker.invokeTestMethods(TestMethodWorker.java:146)
at org.testng.internal.TestMethodWorker.run(TestMethodWorker.java:128)
at java.util.ArrayList.forEach(ArrayList.java:1249)
at org.testng.TestRunner.privateRun(TestRunner.java:764)
at org.testng.TestRunner.run(TestRunner.java:585)
at org.testng.SuiteRunner.runTest(SuiteRunner.java:384)
at org.testng.SuiteRunner.runSequentially(SuiteRunner.java:378)
at org.testng.SuiteRunner.privateRun(SuiteRunner.java:337)
at org.testng.SuiteRunner.run(SuiteRunner.java:286)
at org.testng.SuiteRunnerWorker.runSuite(SuiteRunnerWorker.java:53)
at org.testng.SuiteRunnerWorker.run(SuiteRunnerWorker.java:96)
at org.testng.TestNG.runSuitesSequentially(TestNG.java:1218)
at org.testng.TestNG.runSuitesLocally(TestNG.java:1140)
at org.testng.TestNG.runSuites(TestNG.java:1069)
at org.testng.TestNG.run(TestNG.java:1037)
at runner.TestNGRunner.run(TestNGRunner.java:75)
at runner.JSONRunner.main(JSONRunner.java:110)
]]>
            </full-stacktrace>
          </exception> <!-- org.testng.SkipException -->
          <reporter-output>
          </reporter-output>
        </test-method> <!-- verifyStockQuantity -->
        <test-method status="SKIP" signature="beforeMethod(org.testng.ITestContext)[pri:0, instance:testcases.rediff.StockManagement@7dc7cbad]" name="beforeMethod" is-config="true" duration-ms="0" started-at="2021-05-14T09:44:28 IST" finished-at="2021-05-14T09:44:28 IST">
          <params>
            <param index="0">
              <value>
                <![CDATA[org.testng.TestRunner@115dcaea]]>
              </value>
            </param>
          </params>
          <exception class="org.testng.SkipException">
            <message>
              <![CDATA[Critical Failure in Previous Tests]]>
            </message>
            <full-stacktrace>
              <![CDATA[org.testng.SkipException: Critical Failure in Previous Tests
at testbase.BaseTest.beforeMethod(BaseTest.java:73)
at sun.reflect.NativeMethodAccessorImpl.invoke0(Native Method)
at sun.reflect.NativeMethodAccessorImpl.invoke(NativeMethodAccessorImpl.java:62)
at sun.reflect.DelegatingMethodAccessorImpl.invoke(DelegatingMethodAccessorImpl.java:43)
at java.lang.reflect.Method.invoke(Method.java:498)
at org.testng.internal.MethodInvocationHelper.invokeMethod(MethodInvocationHelper.java:132)
at org.testng.internal.MethodInvocationHelper.invokeMethodConsideringTimeout(MethodInvocationHelper.java:61)
at org.testng.internal.ConfigInvoker.invokeConfigurationMethod(ConfigInvoker.java:366)
at org.testng.internal.ConfigInvoker.invokeConfigurations(ConfigInvoker.java:320)
at org.testng.internal.TestInvoker.runConfigMethods(TestInvoker.java:701)
at org.testng.internal.TestInvoker.invokeMethod(TestInvoker.java:527)
at org.testng.internal.TestInvoker.invokeTestMethod(TestInvoker.java:174)
at org.testng.internal.MethodRunner.runInSequence(MethodRunner.java:46)
at org.testng.internal.TestInvoker$MethodInvocationAgent.invoke(TestInvoker.java:822)
at org.testng.internal.TestInvoker.invokeTestMethods(TestInvoker.java:147)
at org.testng.internal.TestMethodWorker.invokeTestMethods(TestMethodWorker.java:146)
at org.testng.internal.TestMethodWorker.run(TestMethodWorker.java:128)
at java.util.ArrayList.forEach(ArrayList.java:1249)
at org.testng.TestRunner.privateRun(TestRunner.java:764)
at org.testng.TestRunner.run(TestRunner.java:585)
at org.testng.SuiteRunner.runTest(SuiteRunner.java:384)
at org.testng.SuiteRunner.runSequentially(SuiteRunner.java:378)
at org.testng.SuiteRunner.privateRun(SuiteRunner.java:337)
at org.testng.SuiteRunner.run(SuiteRunner.java:286)
at org.testng.SuiteRunnerWorker.runSuite(SuiteRunnerWorker.java:53)
at org.testng.SuiteRunnerWorker.run(SuiteRunnerWorker.java:96)
at org.testng.TestNG.runSuitesSequentially(TestNG.java:1218)
at org.testng.TestNG.runSuitesLocally(TestNG.java:1140)
at org.testng.TestNG.runSuites(TestNG.java:1069)
at org.testng.TestNG.run(TestNG.java:1037)
at runner.TestNGRunner.run(TestNGRunner.java:75)
at runner.JSONRunner.main(JSONRunner.java:110)
]]>
            </full-stacktrace>
          </exception> <!-- org.testng.SkipException -->
          <reporter-output>
          </reporter-output>
        </test-method> <!-- beforeMethod -->
        <test-method status="SKIP" signature="verifyTransactionHistory(java.lang.String, org.testng.ITestContext)[pri:0, instance:testcases.rediff.StockManagement@7dc7cbad]" name="verifyTransactionHistory" duration-ms="0" started-at="2021-05-14T09:44:28 IST" finished-at="2021-05-14T09:44:28 IST">
          <params>
            <param index="0">
              <value>
                <![CDATA[addstock]]>
              </value>
            </param>
            <param index="1">
              <value>
                <![CDATA[org.testng.TestRunner@115dcaea]]>
              </value>
            </param>
          </params>
          <exception class="org.testng.SkipException">
            <message>
              <![CDATA[Critical Failure in Previous Tests]]>
            </message>
            <full-stacktrace>
              <![CDATA[org.testng.SkipException: Critical Failure in Previous Tests
at testbase.BaseTest.beforeMethod(BaseTest.java:73)
at sun.reflect.NativeMethodAccessorImpl.invoke0(Native Method)
at sun.reflect.NativeMethodAccessorImpl.invoke(NativeMethodAccessorImpl.java:62)
at sun.reflect.DelegatingMethodAccessorImpl.invoke(DelegatingMethodAccessorImpl.java:43)
at java.lang.reflect.Method.invoke(Method.java:498)
at org.testng.internal.MethodInvocationHelper.invokeMethod(MethodInvocationHelper.java:132)
at org.testng.internal.MethodInvocationHelper.invokeMethodConsideringTimeout(MethodInvocationHelper.java:61)
at org.testng.internal.ConfigInvoker.invokeConfigurationMethod(ConfigInvoker.java:366)
at org.testng.internal.ConfigInvoker.invokeConfigurations(ConfigInvoker.java:320)
at org.testng.internal.TestInvoker.runConfigMethods(TestInvoker.java:701)
at org.testng.internal.TestInvoker.invokeMethod(TestInvoker.java:527)
at org.testng.internal.TestInvoker.invokeTestMethod(TestInvoker.java:174)
at org.testng.internal.MethodRunner.runInSequence(MethodRunner.java:46)
at org.testng.internal.TestInvoker$MethodInvocationAgent.invoke(TestInvoker.java:822)
at org.testng.internal.TestInvoker.invokeTestMethods(TestInvoker.java:147)
at org.testng.internal.TestMethodWorker.invokeTestMethods(TestMethodWorker.java:146)
at org.testng.internal.TestMethodWorker.run(TestMethodWorker.java:128)
at java.util.ArrayList.forEach(ArrayList.java:1249)
at org.testng.TestRunner.privateRun(TestRunner.java:764)
at org.testng.TestRunner.run(TestRunner.java:585)
at org.testng.SuiteRunner.runTest(SuiteRunner.java:384)
at org.testng.SuiteRunner.runSequentially(SuiteRunner.java:378)
at org.testng.SuiteRunner.privateRun(SuiteRunner.java:337)
at org.testng.SuiteRunner.run(SuiteRunner.java:286)
at org.testng.SuiteRunnerWorker.runSuite(SuiteRunnerWorker.java:53)
at org.testng.SuiteRunnerWorker.run(SuiteRunnerWorker.java:96)
at org.testng.TestNG.runSuitesSequentially(TestNG.java:1218)
at org.testng.TestNG.runSuitesLocally(TestNG.java:1140)
at org.testng.TestNG.runSuites(TestNG.java:1069)
at org.testng.TestNG.run(TestNG.java:1037)
at runner.TestNGRunner.run(TestNGRunner.java:75)
at runner.JSONRunner.main(JSONRunner.java:110)
]]>
            </full-stacktrace>
          </exception> <!-- org.testng.SkipException -->
          <reporter-output>
          </reporter-output>
        </test-method> <!-- verifyTransactionHistory -->
      </class> <!-- testcases.rediff.StockManagement -->
    </test> <!-- Add New Stock-New Stock-It.2 -->
    <test name="Modify Stock-Sell Existing Stock-It.1" duration-ms="23754" started-at="2021-05-14T09:44:30 IST" finished-at="2021-05-14T09:44:54 IST">
      <class name="testcases.rediff.PortfolioManagement">
        <test-method status="PASS" signature="beforeTest(org.testng.ITestContext)[pri:0, instance:testcases.rediff.PortfolioManagement@2a2d45ba]" name="beforeTest" is-config="true" duration-ms="11825" started-at="2021-05-14T09:44:30 IST" finished-at="2021-05-14T09:44:42 IST">
          <params>
            <param index="0">
              <value>
                <![CDATA[org.testng.TestRunner@2e4eda17]]>
              </value>
            </param>
          </params>
          <reporter-output>
          </reporter-output>
        </test-method> <!-- beforeTest -->
        <test-method status="PASS" signature="beforeMethod(org.testng.ITestContext)[pri:0, instance:testcases.rediff.PortfolioManagement@2a2d45ba]" name="beforeMethod" is-config="true" duration-ms="1" started-at="2021-05-14T09:44:42 IST" finished-at="2021-05-14T09:44:42 IST">
          <params>
            <param index="0">
              <value>
                <![CDATA[org.testng.TestRunner@2e4eda17]]>
              </value>
            </param>
          </params>
          <reporter-output>
          </reporter-output>
        </test-method> <!-- beforeMethod -->
        <test-method status="FAIL" signature="selectPortfolio(org.testng.ITestContext)[pri:0, instance:testcases.rediff.PortfolioManagement@2a2d45ba]" name="selectPortfolio" duration-ms="78" started-at="2021-05-14T09:44:42 IST" finished-at="2021-05-14T09:44:42 IST">
          <params>
            <param index="0">
              <value>
                <![CDATA[org.testng.TestRunner@2e4eda17]]>
              </value>
            </param>
          </params>
          <exception class="java.lang.NullPointerException">
            <full-stacktrace>
              <![CDATA[java.lang.NullPointerException
at org.openqa.selenium.support.ui.Quotes.escape(Quotes.java:42)
at org.openqa.selenium.support.ui.Select.selectByVisibleText(Select.java:114)
at keywords.GenericKeywords.selectByVisibleText(GenericKeywords.java:111)
at testcases.rediff.PortfolioManagement.selectPortfolio(PortfolioManagement.java:44)
at sun.reflect.NativeMethodAccessorImpl.invoke0(Native Method)
at sun.reflect.NativeMethodAccessorImpl.invoke(NativeMethodAccessorImpl.java:62)
at sun.reflect.DelegatingMethodAccessorImpl.invoke(DelegatingMethodAccessorImpl.java:43)
at java.lang.reflect.Method.invoke(Method.java:498)
at org.testng.internal.MethodInvocationHelper.invokeMethod(MethodInvocationHelper.java:132)
at org.testng.internal.TestInvoker.invokeMethod(TestInvoker.java:599)
at org.testng.internal.TestInvoker.invokeTestMethod(TestInvoker.java:174)
at org.testng.internal.MethodRunner.runInSequence(MethodRunner.java:46)
at org.testng.internal.TestInvoker$MethodInvocationAgent.invoke(TestInvoker.java:822)
at org.testng.internal.TestInvoker.invokeTestMethods(TestInvoker.java:147)
at org.testng.internal.TestMethodWorker.invokeTestMethods(TestMethodWorker.java:146)
at org.testng.internal.TestMethodWorker.run(TestMethodWorker.java:128)
at java.util.ArrayList.forEach(ArrayList.java:1249)
at org.testng.TestRunner.privateRun(TestRunner.java:764)
at org.testng.TestRunner.run(TestRunner.java:585)
at org.testng.SuiteRunner.runTest(SuiteRunner.java:384)
at org.testng.SuiteRunner.runSequentially(SuiteRunner.java:378)
at org.testng.SuiteRunner.privateRun(SuiteRunner.java:337)
at org.testng.SuiteRunner.run(SuiteRunner.java:286)
at org.testng.SuiteRunnerWorker.runSuite(SuiteRunnerWorker.java:53)
at org.testng.SuiteRunnerWorker.run(SuiteRunnerWorker.java:96)
at org.testng.TestNG.runSuitesSequentially(TestNG.java:1218)
at org.testng.TestNG.runSuitesLocally(TestNG.java:1140)
at org.testng.TestNG.runSuites(TestNG.java:1069)
at org.testng.TestNG.run(TestNG.java:1037)
at runner.TestNGRunner.run(TestNGRunner.java:75)
at runner.JSONRunner.main(JSONRunner.java:110)
]]>
            </full-stacktrace>
          </exception> <!-- java.lang.NullPointerException -->
          <reporter-output>
          </reporter-output>
        </test-method> <!-- selectPortfolio -->
        <test-method status="PASS" signature="quit(org.testng.ITestContext)[pri:0, instance:testcases.rediff.PortfolioManagement@2a2d45ba]" name="quit" is-config="true" duration-ms="1263" started-at="2021-05-14T09:44:52 IST" finished-at="2021-05-14T09:44:54 IST">
          <params>
            <param index="0">
              <value>
                <![CDATA[org.testng.TestRunner@2e4eda17]]>
              </value>
            </param>
          </params>
          <reporter-output>
          </reporter-output>
        </test-method> <!-- quit -->
      </class> <!-- testcases.rediff.PortfolioManagement -->
      <class name="testcases.rediff.StockManagement">
        <test-method status="PASS" signature="verifyStockPresent(org.testng.ITestContext)[pri:0, instance:testcases.rediff.StockManagement@2a5ca609]" name="verifyStockPresent" duration-ms="171" started-at="2021-05-14T09:44:42 IST" finished-at="2021-05-14T09:44:42 IST">
          <params>
            <param index="0">
              <value>
                <![CDATA[org.testng.TestRunner@2e4eda17]]>
              </value>
            </param>
          </params>
          <reporter-output>
          </reporter-output>
        </test-method> <!-- verifyStockPresent -->
        <test-method status="PASS" signature="beforeMethod(org.testng.ITestContext)[pri:0, instance:testcases.rediff.StockManagement@2a5ca609]" name="beforeMethod" is-config="true" duration-ms="0" started-at="2021-05-14T09:44:42 IST" finished-at="2021-05-14T09:44:42 IST">
          <params>
            <param index="0">
              <value>
                <![CDATA[org.testng.TestRunner@2e4eda17]]>
              </value>
            </param>
          </params>
          <reporter-output>
          </reporter-output>
        </test-method> <!-- beforeMethod -->
        <test-method status="PASS" signature="modifyStock(java.lang.String, org.testng.ITestContext)[pri:0, instance:testcases.rediff.StockManagement@2a5ca609]" name="modifyStock" duration-ms="9562" started-at="2021-05-14T09:44:42 IST" finished-at="2021-05-14T09:44:51 IST">
          <params>
            <param index="0">
              <value>
                <![CDATA[sellstock]]>
              </value>
            </param>
            <param index="1">
              <value>
                <![CDATA[org.testng.TestRunner@2e4eda17]]>
              </value>
            </param>
          </params>
          <reporter-output>
          </reporter-output>
        </test-method> <!-- modifyStock -->
        <test-method status="PASS" signature="beforeMethod(org.testng.ITestContext)[pri:0, instance:testcases.rediff.StockManagement@2a5ca609]" name="beforeMethod" is-config="true" duration-ms="0" started-at="2021-05-14T09:44:42 IST" finished-at="2021-05-14T09:44:42 IST">
          <params>
            <param index="0">
              <value>
                <![CDATA[org.testng.TestRunner@2e4eda17]]>
              </value>
            </param>
          </params>
          <reporter-output>
          </reporter-output>
        </test-method> <!-- beforeMethod -->
        <test-method status="PASS" signature="beforeMethod(org.testng.ITestContext)[pri:0, instance:testcases.rediff.StockManagement@2a5ca609]" name="beforeMethod" is-config="true" duration-ms="1" started-at="2021-05-14T09:44:51 IST" finished-at="2021-05-14T09:44:51 IST">
          <params>
            <param index="0">
              <value>
                <![CDATA[org.testng.TestRunner@2e4eda17]]>
              </value>
            </param>
          </params>
          <reporter-output>
          </reporter-output>
        </test-method> <!-- beforeMethod -->
        <test-method status="PASS" signature="verifyStockQuantity(java.lang.String, org.testng.ITestContext)[pri:0, instance:testcases.rediff.StockManagement@2a5ca609]" name="verifyStockQuantity" duration-ms="155" started-at="2021-05-14T09:44:51 IST" finished-at="2021-05-14T09:44:52 IST">
          <params>
            <param index="0">
              <value>
                <![CDATA[sellstock]]>
              </value>
            </param>
            <param index="1">
              <value>
                <![CDATA[org.testng.TestRunner@2e4eda17]]>
              </value>
            </param>
          </params>
          <reporter-output>
          </reporter-output>
        </test-method> <!-- verifyStockQuantity -->
        <test-method status="PASS" signature="beforeMethod(org.testng.ITestContext)[pri:0, instance:testcases.rediff.StockManagement@2a5ca609]" name="beforeMethod" is-config="true" duration-ms="0" started-at="2021-05-14T09:44:52 IST" finished-at="2021-05-14T09:44:52 IST">
          <params>
            <param index="0">
              <value>
                <![CDATA[org.testng.TestRunner@2e4eda17]]>
              </value>
            </param>
          </params>
          <reporter-output>
          </reporter-output>
        </test-method> <!-- beforeMethod -->
        <test-method status="PASS" signature="verifyTransactionHistory(java.lang.String, org.testng.ITestContext)[pri:0, instance:testcases.rediff.StockManagement@2a5ca609]" name="verifyTransactionHistory" duration-ms="694" started-at="2021-05-14T09:44:52 IST" finished-at="2021-05-14T09:44:52 IST">
          <params>
            <param index="0">
              <value>
                <![CDATA[sellstock]]>
              </value>
            </param>
            <param index="1">
              <value>
                <![CDATA[org.testng.TestRunner@2e4eda17]]>
              </value>
            </param>
          </params>
          <reporter-output>
          </reporter-output>
        </test-method> <!-- verifyTransactionHistory -->
      </class> <!-- testcases.rediff.StockManagement -->
    </test> <!-- Modify Stock-Sell Existing Stock-It.1 -->
    <test name="Modify Stock-Buy Existing Stock-It.1" duration-ms="28108" started-at="2021-05-14T09:44:54 IST" finished-at="2021-05-14T09:45:22 IST">
      <class name="testcases.rediff.PortfolioManagement">
        <test-method status="PASS" signature="beforeTest(org.testng.ITestContext)[pri:0, instance:testcases.rediff.PortfolioManagement@482f8f11]" name="beforeTest" is-config="true" duration-ms="13469" started-at="2021-05-14T09:44:54 IST" finished-at="2021-05-14T09:45:07 IST">
          <params>
            <param index="0">
              <value>
                <![CDATA[org.testng.TestRunner@6141647f]]>
              </value>
            </param>
          </params>
          <reporter-output>
          </reporter-output>
        </test-method> <!-- beforeTest -->
        <test-method status="PASS" signature="beforeMethod(org.testng.ITestContext)[pri:0, instance:testcases.rediff.PortfolioManagement@482f8f11]" name="beforeMethod" is-config="true" duration-ms="1" started-at="2021-05-14T09:45:07 IST" finished-at="2021-05-14T09:45:07 IST">
          <params>
            <param index="0">
              <value>
                <![CDATA[org.testng.TestRunner@6141647f]]>
              </value>
            </param>
          </params>
          <reporter-output>
          </reporter-output>
        </test-method> <!-- beforeMethod -->
        <test-method status="FAIL" signature="selectPortfolio(org.testng.ITestContext)[pri:0, instance:testcases.rediff.PortfolioManagement@482f8f11]" name="selectPortfolio" duration-ms="74" started-at="2021-05-14T09:45:07 IST" finished-at="2021-05-14T09:45:08 IST">
          <params>
            <param index="0">
              <value>
                <![CDATA[org.testng.TestRunner@6141647f]]>
              </value>
            </param>
          </params>
          <exception class="java.lang.NullPointerException">
            <full-stacktrace>
              <![CDATA[java.lang.NullPointerException
at org.openqa.selenium.support.ui.Quotes.escape(Quotes.java:42)
at org.openqa.selenium.support.ui.Select.selectByVisibleText(Select.java:114)
at keywords.GenericKeywords.selectByVisibleText(GenericKeywords.java:111)
at testcases.rediff.PortfolioManagement.selectPortfolio(PortfolioManagement.java:44)
at sun.reflect.NativeMethodAccessorImpl.invoke0(Native Method)
at sun.reflect.NativeMethodAccessorImpl.invoke(NativeMethodAccessorImpl.java:62)
at sun.reflect.DelegatingMethodAccessorImpl.invoke(DelegatingMethodAccessorImpl.java:43)
at java.lang.reflect.Method.invoke(Method.java:498)
at org.testng.internal.MethodInvocationHelper.invokeMethod(MethodInvocationHelper.java:132)
at org.testng.internal.TestInvoker.invokeMethod(TestInvoker.java:599)
at org.testng.internal.TestInvoker.invokeTestMethod(TestInvoker.java:174)
at org.testng.internal.MethodRunner.runInSequence(MethodRunner.java:46)
at org.testng.internal.TestInvoker$MethodInvocationAgent.invoke(TestInvoker.java:822)
at org.testng.internal.TestInvoker.invokeTestMethods(TestInvoker.java:147)
at org.testng.internal.TestMethodWorker.invokeTestMethods(TestMethodWorker.java:146)
at org.testng.internal.TestMethodWorker.run(TestMethodWorker.java:128)
at java.util.ArrayList.forEach(ArrayList.java:1249)
at org.testng.TestRunner.privateRun(TestRunner.java:764)
at org.testng.TestRunner.run(TestRunner.java:585)
at org.testng.SuiteRunner.runTest(SuiteRunner.java:384)
at org.testng.SuiteRunner.runSequentially(SuiteRunner.java:378)
at org.testng.SuiteRunner.privateRun(SuiteRunner.java:337)
at org.testng.SuiteRunner.run(SuiteRunner.java:286)
at org.testng.SuiteRunnerWorker.runSuite(SuiteRunnerWorker.java:53)
at org.testng.SuiteRunnerWorker.run(SuiteRunnerWorker.java:96)
at org.testng.TestNG.runSuitesSequentially(TestNG.java:1218)
at org.testng.TestNG.runSuitesLocally(TestNG.java:1140)
at org.testng.TestNG.runSuites(TestNG.java:1069)
at org.testng.TestNG.run(TestNG.java:1037)
at runner.TestNGRunner.run(TestNGRunner.java:75)
at runner.JSONRunner.main(JSONRunner.java:110)
]]>
            </full-stacktrace>
          </exception> <!-- java.lang.NullPointerException -->
          <reporter-output>
          </reporter-output>
        </test-method> <!-- selectPortfolio -->
        <test-method status="PASS" signature="quit(org.testng.ITestContext)[pri:0, instance:testcases.rediff.PortfolioManagement@482f8f11]" name="quit" is-config="true" duration-ms="4115" started-at="2021-05-14T09:45:18 IST" finished-at="2021-05-14T09:45:22 IST">
          <params>
            <param index="0">
              <value>
                <![CDATA[org.testng.TestRunner@6141647f]]>
              </value>
            </param>
          </params>
          <reporter-output>
          </reporter-output>
        </test-method> <!-- quit -->
      </class> <!-- testcases.rediff.PortfolioManagement -->
      <class name="testcases.rediff.StockManagement">
        <test-method status="PASS" signature="beforeMethod(org.testng.ITestContext)[pri:0, instance:testcases.rediff.StockManagement@1593948d]" name="beforeMethod" is-config="true" duration-ms="0" started-at="2021-05-14T09:45:08 IST" finished-at="2021-05-14T09:45:08 IST">
          <params>
            <param index="0">
              <value>
                <![CDATA[org.testng.TestRunner@6141647f]]>
              </value>
            </param>
          </params>
          <reporter-output>
          </reporter-output>
        </test-method> <!-- beforeMethod -->
        <test-method status="PASS" signature="verifyStockPresent(org.testng.ITestContext)[pri:0, instance:testcases.rediff.StockManagement@1593948d]" name="verifyStockPresent" duration-ms="123" started-at="2021-05-14T09:45:08 IST" finished-at="2021-05-14T09:45:08 IST">
          <params>
            <param index="0">
              <value>
                <![CDATA[org.testng.TestRunner@6141647f]]>
              </value>
            </param>
          </params>
          <reporter-output>
          </reporter-output>
        </test-method> <!-- verifyStockPresent -->
        <test-method status="PASS" signature="beforeMethod(org.testng.ITestContext)[pri:0, instance:testcases.rediff.StockManagement@1593948d]" name="beforeMethod" is-config="true" duration-ms="0" started-at="2021-05-14T09:45:08 IST" finished-at="2021-05-14T09:45:08 IST">
          <params>
            <param index="0">
              <value>
                <![CDATA[org.testng.TestRunner@6141647f]]>
              </value>
            </param>
          </params>
          <reporter-output>
          </reporter-output>
        </test-method> <!-- beforeMethod -->
        <test-method status="PASS" signature="modifyStock(java.lang.String, org.testng.ITestContext)[pri:0, instance:testcases.rediff.StockManagement@1593948d]" name="modifyStock" duration-ms="9473" started-at="2021-05-14T09:45:08 IST" finished-at="2021-05-14T09:45:17 IST">
          <params>
            <param index="0">
              <value>
                <![CDATA[addstock]]>
              </value>
            </param>
            <param index="1">
              <value>
                <![CDATA[org.testng.TestRunner@6141647f]]>
              </value>
            </param>
          </params>
          <reporter-output>
          </reporter-output>
        </test-method> <!-- modifyStock -->
        <test-method status="PASS" signature="beforeMethod(org.testng.ITestContext)[pri:0, instance:testcases.rediff.StockManagement@1593948d]" name="beforeMethod" is-config="true" duration-ms="1" started-at="2021-05-14T09:45:17 IST" finished-at="2021-05-14T09:45:17 IST">
          <params>
            <param index="0">
              <value>
                <![CDATA[org.testng.TestRunner@6141647f]]>
              </value>
            </param>
          </params>
          <reporter-output>
          </reporter-output>
        </test-method> <!-- beforeMethod -->
        <test-method status="PASS" signature="verifyStockQuantity(java.lang.String, org.testng.ITestContext)[pri:0, instance:testcases.rediff.StockManagement@1593948d]" name="verifyStockQuantity" duration-ms="149" started-at="2021-05-14T09:45:17 IST" finished-at="2021-05-14T09:45:17 IST">
          <params>
            <param index="0">
              <value>
                <![CDATA[addstock]]>
              </value>
            </param>
            <param index="1">
              <value>
                <![CDATA[org.testng.TestRunner@6141647f]]>
              </value>
            </param>
          </params>
          <reporter-output>
          </reporter-output>
        </test-method> <!-- verifyStockQuantity -->
        <test-method status="PASS" signature="beforeMethod(org.testng.ITestContext)[pri:0, instance:testcases.rediff.StockManagement@1593948d]" name="beforeMethod" is-config="true" duration-ms="1" started-at="2021-05-14T09:45:17 IST" finished-at="2021-05-14T09:45:17 IST">
          <params>
            <param index="0">
              <value>
                <![CDATA[org.testng.TestRunner@6141647f]]>
              </value>
            </param>
          </params>
          <reporter-output>
          </reporter-output>
        </test-method> <!-- beforeMethod -->
        <test-method status="PASS" signature="verifyTransactionHistory(java.lang.String, org.testng.ITestContext)[pri:0, instance:testcases.rediff.StockManagement@1593948d]" name="verifyTransactionHistory" duration-ms="700" started-at="2021-05-14T09:45:17 IST" finished-at="2021-05-14T09:45:18 IST">
          <params>
            <param index="0">
              <value>
                <![CDATA[addstock]]>
              </value>
            </param>
            <param index="1">
              <value>
                <![CDATA[org.testng.TestRunner@6141647f]]>
              </value>
            </param>
          </params>
          <reporter-output>
          </reporter-output>
        </test-method> <!-- verifyTransactionHistory -->
      </class> <!-- testcases.rediff.StockManagement -->
    </test> <!-- Modify Stock-Buy Existing Stock-It.1 -->
    <test name="Modify Stock-Buy Existing Stock-It.2" duration-ms="18070" started-at="2021-05-14T09:45:22 IST" finished-at="2021-05-14T09:45:40 IST">
      <class name="testcases.rediff.PortfolioManagement">
        <test-method status="PASS" signature="beforeTest(org.testng.ITestContext)[pri:0, instance:testcases.rediff.PortfolioManagement@39aeed2f]" name="beforeTest" is-config="true" duration-ms="15847" started-at="2021-05-14T09:45:22 IST" finished-at="2021-05-14T09:45:38 IST">
          <params>
            <param index="0">
              <value>
                <![CDATA[org.testng.TestRunner@3e4f2300]]>
              </value>
            </param>
          </params>
          <reporter-output>
          </reporter-output>
        </test-method> <!-- beforeTest -->
        <test-method status="PASS" signature="beforeMethod(org.testng.ITestContext)[pri:0, instance:testcases.rediff.PortfolioManagement@39aeed2f]" name="beforeMethod" is-config="true" duration-ms="1" started-at="2021-05-14T09:45:38 IST" finished-at="2021-05-14T09:45:38 IST">
          <params>
            <param index="0">
              <value>
                <![CDATA[org.testng.TestRunner@3e4f2300]]>
              </value>
            </param>
          </params>
          <reporter-output>
          </reporter-output>
        </test-method> <!-- beforeMethod -->
        <test-method status="FAIL" signature="selectPortfolio(org.testng.ITestContext)[pri:0, instance:testcases.rediff.PortfolioManagement@39aeed2f]" name="selectPortfolio" duration-ms="69" started-at="2021-05-14T09:45:38 IST" finished-at="2021-05-14T09:45:38 IST">
          <params>
            <param index="0">
              <value>
                <![CDATA[org.testng.TestRunner@3e4f2300]]>
              </value>
            </param>
          </params>
          <exception class="java.lang.NullPointerException">
            <full-stacktrace>
              <![CDATA[java.lang.NullPointerException
at org.openqa.selenium.support.ui.Quotes.escape(Quotes.java:42)
at org.openqa.selenium.support.ui.Select.selectByVisibleText(Select.java:114)
at keywords.GenericKeywords.selectByVisibleText(GenericKeywords.java:111)
at testcases.rediff.PortfolioManagement.selectPortfolio(PortfolioManagement.java:44)
at sun.reflect.NativeMethodAccessorImpl.invoke0(Native Method)
at sun.reflect.NativeMethodAccessorImpl.invoke(NativeMethodAccessorImpl.java:62)
at sun.reflect.DelegatingMethodAccessorImpl.invoke(DelegatingMethodAccessorImpl.java:43)
at java.lang.reflect.Method.invoke(Method.java:498)
at org.testng.internal.MethodInvocationHelper.invokeMethod(MethodInvocationHelper.java:132)
at org.testng.internal.TestInvoker.invokeMethod(TestInvoker.java:599)
at org.testng.internal.TestInvoker.invokeTestMethod(TestInvoker.java:174)
at org.testng.internal.MethodRunner.runInSequence(MethodRunner.java:46)
at org.testng.internal.TestInvoker$MethodInvocationAgent.invoke(TestInvoker.java:822)
at org.testng.internal.TestInvoker.invokeTestMethods(TestInvoker.java:147)
at org.testng.internal.TestMethodWorker.invokeTestMethods(TestMethodWorker.java:146)
at org.testng.internal.TestMethodWorker.run(TestMethodWorker.java:128)
at java.util.ArrayList.forEach(ArrayList.java:1249)
at org.testng.TestRunner.privateRun(TestRunner.java:764)
at org.testng.TestRunner.run(TestRunner.java:585)
at org.testng.SuiteRunner.runTest(SuiteRunner.java:384)
at org.testng.SuiteRunner.runSequentially(SuiteRunner.java:378)
at org.testng.SuiteRunner.privateRun(SuiteRunner.java:337)
at org.testng.SuiteRunner.run(SuiteRunner.java:286)
at org.testng.SuiteRunnerWorker.runSuite(SuiteRunnerWorker.java:53)
at org.testng.SuiteRunnerWorker.run(SuiteRunnerWorker.java:96)
at org.testng.TestNG.runSuitesSequentially(TestNG.java:1218)
at org.testng.TestNG.runSuitesLocally(TestNG.java:1140)
at org.testng.TestNG.runSuites(TestNG.java:1069)
at org.testng.TestNG.run(TestNG.java:1037)
at runner.TestNGRunner.run(TestNGRunner.java:75)
at runner.JSONRunner.main(JSONRunner.java:110)
]]>
            </full-stacktrace>
          </exception> <!-- java.lang.NullPointerException -->
          <reporter-output>
          </reporter-output>
        </test-method> <!-- selectPortfolio -->
        <test-method status="PASS" signature="quit(org.testng.ITestContext)[pri:0, instance:testcases.rediff.PortfolioManagement@39aeed2f]" name="quit" is-config="true" duration-ms="975" started-at="2021-05-14T09:45:39 IST" finished-at="2021-05-14T09:45:40 IST">
          <params>
            <param index="0">
              <value>
                <![CDATA[org.testng.TestRunner@3e4f2300]]>
              </value>
            </param>
          </params>
          <reporter-output>
          </reporter-output>
        </test-method> <!-- quit -->
      </class> <!-- testcases.rediff.PortfolioManagement -->
      <class name="testcases.rediff.StockManagement">
        <test-method status="PASS" signature="beforeMethod(org.testng.ITestContext)[pri:0, instance:testcases.rediff.StockManagement@724af044]" name="beforeMethod" is-config="true" duration-ms="1" started-at="2021-05-14T09:45:38 IST" finished-at="2021-05-14T09:45:38 IST">
          <params>
            <param index="0">
              <value>
                <![CDATA[org.testng.TestRunner@3e4f2300]]>
              </value>
            </param>
          </params>
          <reporter-output>
          </reporter-output>
        </test-method> <!-- beforeMethod -->
        <test-method status="FAIL" signature="verifyStockPresent(org.testng.ITestContext)[pri:0, instance:testcases.rediff.StockManagement@724af044]" name="verifyStockPresent" duration-ms="1175" started-at="2021-05-14T09:45:38 IST" finished-at="2021-05-14T09:45:39 IST">
          <params>
            <param index="0">
              <value>
                <![CDATA[org.testng.TestRunner@3e4f2300]]>
              </value>
            </param>
          </params>
          <exception class="java.lang.AssertionError">
            <message>
              <![CDATA[The following asserts failed:
Stock Not Present Reliance Industries Ltd]]>
            </message>
            <full-stacktrace>
              <![CDATA[java.lang.AssertionError: The following asserts failed:
Stock Not Present Reliance Industries Ltd
at org.testng.asserts.SoftAssert.assertAll(SoftAssert.java:47)
at org.testng.asserts.SoftAssert.assertAll(SoftAssert.java:31)
at keywords.GenericKeywords.assertAll(GenericKeywords.java:199)
at keywords.GenericKeywords.reportFailure(GenericKeywords.java:192)
at testcases.rediff.StockManagement.verifyStockPresent(StockManagement.java:80)
at sun.reflect.NativeMethodAccessorImpl.invoke0(Native Method)
at sun.reflect.NativeMethodAccessorImpl.invoke(NativeMethodAccessorImpl.java:62)
at sun.reflect.DelegatingMethodAccessorImpl.invoke(DelegatingMethodAccessorImpl.java:43)
at java.lang.reflect.Method.invoke(Method.java:498)
at org.testng.internal.MethodInvocationHelper.invokeMethod(MethodInvocationHelper.java:132)
at org.testng.internal.TestInvoker.invokeMethod(TestInvoker.java:599)
at org.testng.internal.TestInvoker.invokeTestMethod(TestInvoker.java:174)
at org.testng.internal.MethodRunner.runInSequence(MethodRunner.java:46)
at org.testng.internal.TestInvoker$MethodInvocationAgent.invoke(TestInvoker.java:822)
at org.testng.internal.TestInvoker.invokeTestMethods(TestInvoker.java:147)
at org.testng.internal.TestMethodWorker.invokeTestMethods(TestMethodWorker.java:146)
at org.testng.internal.TestMethodWorker.run(TestMethodWorker.java:128)
at java.util.ArrayList.forEach(ArrayList.java:1249)
at org.testng.TestRunner.privateRun(TestRunner.java:764)
at org.testng.TestRunner.run(TestRunner.java:585)
at org.testng.SuiteRunner.runTest(SuiteRunner.java:384)
at org.testng.SuiteRunner.runSequentially(SuiteRunner.java:378)
at org.testng.SuiteRunner.privateRun(SuiteRunner.java:337)
at org.testng.SuiteRunner.run(SuiteRunner.java:286)
at org.testng.SuiteRunnerWorker.runSuite(SuiteRunnerWorker.java:53)
at org.testng.SuiteRunnerWorker.run(SuiteRunnerWorker.java:96)
at org.testng.TestNG.runSuitesSequentially(TestNG.java:1218)
at org.testng.TestNG.runSuitesLocally(TestNG.java:1140)
at org.testng.TestNG.runSuites(TestNG.java:1069)
at org.testng.TestNG.run(TestNG.java:1037)
at runner.TestNGRunner.run(TestNGRunner.java:75)
at runner.JSONRunner.main(JSONRunner.java:110)
]]>
            </full-stacktrace>
          </exception> <!-- java.lang.AssertionError -->
          <reporter-output>
          </reporter-output>
        </test-method> <!-- verifyStockPresent -->
        <test-method status="SKIP" signature="beforeMethod(org.testng.ITestContext)[pri:0, instance:testcases.rediff.StockManagement@724af044]" name="beforeMethod" is-config="true" duration-ms="0" started-at="2021-05-14T09:45:39 IST" finished-at="2021-05-14T09:45:39 IST">
          <params>
            <param index="0">
              <value>
                <![CDATA[org.testng.TestRunner@3e4f2300]]>
              </value>
            </param>
          </params>
          <exception class="org.testng.SkipException">
            <message>
              <![CDATA[Critical Failure in Previous Tests]]>
            </message>
            <full-stacktrace>
              <![CDATA[org.testng.SkipException: Critical Failure in Previous Tests
at testbase.BaseTest.beforeMethod(BaseTest.java:73)
at sun.reflect.GeneratedMethodAccessor27.invoke(Unknown Source)
at sun.reflect.DelegatingMethodAccessorImpl.invoke(DelegatingMethodAccessorImpl.java:43)
at java.lang.reflect.Method.invoke(Method.java:498)
at org.testng.internal.MethodInvocationHelper.invokeMethod(MethodInvocationHelper.java:132)
at org.testng.internal.MethodInvocationHelper.invokeMethodConsideringTimeout(MethodInvocationHelper.java:61)
at org.testng.internal.ConfigInvoker.invokeConfigurationMethod(ConfigInvoker.java:366)
at org.testng.internal.ConfigInvoker.invokeConfigurations(ConfigInvoker.java:320)
at org.testng.internal.TestInvoker.runConfigMethods(TestInvoker.java:701)
at org.testng.internal.TestInvoker.invokeMethod(TestInvoker.java:527)
at org.testng.internal.TestInvoker.invokeTestMethod(TestInvoker.java:174)
at org.testng.internal.MethodRunner.runInSequence(MethodRunner.java:46)
at org.testng.internal.TestInvoker$MethodInvocationAgent.invoke(TestInvoker.java:822)
at org.testng.internal.TestInvoker.invokeTestMethods(TestInvoker.java:147)
at org.testng.internal.TestMethodWorker.invokeTestMethods(TestMethodWorker.java:146)
at org.testng.internal.TestMethodWorker.run(TestMethodWorker.java:128)
at java.util.ArrayList.forEach(ArrayList.java:1249)
at org.testng.TestRunner.privateRun(TestRunner.java:764)
at org.testng.TestRunner.run(TestRunner.java:585)
at org.testng.SuiteRunner.runTest(SuiteRunner.java:384)
at org.testng.SuiteRunner.runSequentially(SuiteRunner.java:378)
at org.testng.SuiteRunner.privateRun(SuiteRunner.java:337)
at org.testng.SuiteRunner.run(SuiteRunner.java:286)
at org.testng.SuiteRunnerWorker.runSuite(SuiteRunnerWorker.java:53)
at org.testng.SuiteRunnerWorker.run(SuiteRunnerWorker.java:96)
at org.testng.TestNG.runSuitesSequentially(TestNG.java:1218)
at org.testng.TestNG.runSuitesLocally(TestNG.java:1140)
at org.testng.TestNG.runSuites(TestNG.java:1069)
at org.testng.TestNG.run(TestNG.java:1037)
at runner.TestNGRunner.run(TestNGRunner.java:75)
at runner.JSONRunner.main(JSONRunner.java:110)
]]>
            </full-stacktrace>
          </exception> <!-- org.testng.SkipException -->
          <reporter-output>
          </reporter-output>
        </test-method> <!-- beforeMethod -->
        <test-method status="SKIP" signature="modifyStock(java.lang.String, org.testng.ITestContext)[pri:0, instance:testcases.rediff.StockManagement@724af044]" name="modifyStock" duration-ms="0" started-at="2021-05-14T09:45:39 IST" finished-at="2021-05-14T09:45:39 IST">
          <params>
            <param index="0">
              <value>
                <![CDATA[addstock]]>
              </value>
            </param>
            <param index="1">
              <value>
                <![CDATA[org.testng.TestRunner@3e4f2300]]>
              </value>
            </param>
          </params>
          <exception class="org.testng.SkipException">
            <message>
              <![CDATA[Critical Failure in Previous Tests]]>
            </message>
            <full-stacktrace>
              <![CDATA[org.testng.SkipException: Critical Failure in Previous Tests
at testbase.BaseTest.beforeMethod(BaseTest.java:73)
at sun.reflect.GeneratedMethodAccessor27.invoke(Unknown Source)
at sun.reflect.DelegatingMethodAccessorImpl.invoke(DelegatingMethodAccessorImpl.java:43)
at java.lang.reflect.Method.invoke(Method.java:498)
at org.testng.internal.MethodInvocationHelper.invokeMethod(MethodInvocationHelper.java:132)
at org.testng.internal.MethodInvocationHelper.invokeMethodConsideringTimeout(MethodInvocationHelper.java:61)
at org.testng.internal.ConfigInvoker.invokeConfigurationMethod(ConfigInvoker.java:366)
at org.testng.internal.ConfigInvoker.invokeConfigurations(ConfigInvoker.java:320)
at org.testng.internal.TestInvoker.runConfigMethods(TestInvoker.java:701)
at org.testng.internal.TestInvoker.invokeMethod(TestInvoker.java:527)
at org.testng.internal.TestInvoker.invokeTestMethod(TestInvoker.java:174)
at org.testng.internal.MethodRunner.runInSequence(MethodRunner.java:46)
at org.testng.internal.TestInvoker$MethodInvocationAgent.invoke(TestInvoker.java:822)
at org.testng.internal.TestInvoker.invokeTestMethods(TestInvoker.java:147)
at org.testng.internal.TestMethodWorker.invokeTestMethods(TestMethodWorker.java:146)
at org.testng.internal.TestMethodWorker.run(TestMethodWorker.java:128)
at java.util.ArrayList.forEach(ArrayList.java:1249)
at org.testng.TestRunner.privateRun(TestRunner.java:764)
at org.testng.TestRunner.run(TestRunner.java:585)
at org.testng.SuiteRunner.runTest(SuiteRunner.java:384)
at org.testng.SuiteRunner.runSequentially(SuiteRunner.java:378)
at org.testng.SuiteRunner.privateRun(SuiteRunner.java:337)
at org.testng.SuiteRunner.run(SuiteRunner.java:286)
at org.testng.SuiteRunnerWorker.runSuite(SuiteRunnerWorker.java:53)
at org.testng.SuiteRunnerWorker.run(SuiteRunnerWorker.java:96)
at org.testng.TestNG.runSuitesSequentially(TestNG.java:1218)
at org.testng.TestNG.runSuitesLocally(TestNG.java:1140)
at org.testng.TestNG.runSuites(TestNG.java:1069)
at org.testng.TestNG.run(TestNG.java:1037)
at runner.TestNGRunner.run(TestNGRunner.java:75)
at runner.JSONRunner.main(JSONRunner.java:110)
]]>
            </full-stacktrace>
          </exception> <!-- org.testng.SkipException -->
          <reporter-output>
          </reporter-output>
        </test-method> <!-- modifyStock -->
        <test-method status="SKIP" signature="beforeMethod(org.testng.ITestContext)[pri:0, instance:testcases.rediff.StockManagement@724af044]" name="beforeMethod" is-config="true" duration-ms="0" started-at="2021-05-14T09:45:39 IST" finished-at="2021-05-14T09:45:39 IST">
          <params>
            <param index="0">
              <value>
                <![CDATA[org.testng.TestRunner@3e4f2300]]>
              </value>
            </param>
          </params>
          <exception class="org.testng.SkipException">
            <message>
              <![CDATA[Critical Failure in Previous Tests]]>
            </message>
            <full-stacktrace>
              <![CDATA[org.testng.SkipException: Critical Failure in Previous Tests
at testbase.BaseTest.beforeMethod(BaseTest.java:73)
at sun.reflect.GeneratedMethodAccessor27.invoke(Unknown Source)
at sun.reflect.DelegatingMethodAccessorImpl.invoke(DelegatingMethodAccessorImpl.java:43)
at java.lang.reflect.Method.invoke(Method.java:498)
at org.testng.internal.MethodInvocationHelper.invokeMethod(MethodInvocationHelper.java:132)
at org.testng.internal.MethodInvocationHelper.invokeMethodConsideringTimeout(MethodInvocationHelper.java:61)
at org.testng.internal.ConfigInvoker.invokeConfigurationMethod(ConfigInvoker.java:366)
at org.testng.internal.ConfigInvoker.invokeConfigurations(ConfigInvoker.java:320)
at org.testng.internal.TestInvoker.runConfigMethods(TestInvoker.java:701)
at org.testng.internal.TestInvoker.invokeMethod(TestInvoker.java:527)
at org.testng.internal.TestInvoker.invokeTestMethod(TestInvoker.java:174)
at org.testng.internal.MethodRunner.runInSequence(MethodRunner.java:46)
at org.testng.internal.TestInvoker$MethodInvocationAgent.invoke(TestInvoker.java:822)
at org.testng.internal.TestInvoker.invokeTestMethods(TestInvoker.java:147)
at org.testng.internal.TestMethodWorker.invokeTestMethods(TestMethodWorker.java:146)
at org.testng.internal.TestMethodWorker.run(TestMethodWorker.java:128)
at java.util.ArrayList.forEach(ArrayList.java:1249)
at org.testng.TestRunner.privateRun(TestRunner.java:764)
at org.testng.TestRunner.run(TestRunner.java:585)
at org.testng.SuiteRunner.runTest(SuiteRunner.java:384)
at org.testng.SuiteRunner.runSequentially(SuiteRunner.java:378)
at org.testng.SuiteRunner.privateRun(SuiteRunner.java:337)
at org.testng.SuiteRunner.run(SuiteRunner.java:286)
at org.testng.SuiteRunnerWorker.runSuite(SuiteRunnerWorker.java:53)
at org.testng.SuiteRunnerWorker.run(SuiteRunnerWorker.java:96)
at org.testng.TestNG.runSuitesSequentially(TestNG.java:1218)
at org.testng.TestNG.runSuitesLocally(TestNG.java:1140)
at org.testng.TestNG.runSuites(TestNG.java:1069)
at org.testng.TestNG.run(TestNG.java:1037)
at runner.TestNGRunner.run(TestNGRunner.java:75)
at runner.JSONRunner.main(JSONRunner.java:110)
]]>
            </full-stacktrace>
          </exception> <!-- org.testng.SkipException -->
          <reporter-output>
          </reporter-output>
        </test-method> <!-- beforeMethod -->
        <test-method status="SKIP" signature="verifyTransactionHistory(java.lang.String, org.testng.ITestContext)[pri:0, instance:testcases.rediff.StockManagement@724af044]" name="verifyTransactionHistory" duration-ms="0" started-at="2021-05-14T09:45:39 IST" finished-at="2021-05-14T09:45:39 IST">
          <params>
            <param index="0">
              <value>
                <![CDATA[addstock]]>
              </value>
            </param>
            <param index="1">
              <value>
                <![CDATA[org.testng.TestRunner@3e4f2300]]>
              </value>
            </param>
          </params>
          <exception class="org.testng.SkipException">
            <message>
              <![CDATA[Critical Failure in Previous Tests]]>
            </message>
            <full-stacktrace>
              <![CDATA[org.testng.SkipException: Critical Failure in Previous Tests
at testbase.BaseTest.beforeMethod(BaseTest.java:73)
at sun.reflect.GeneratedMethodAccessor27.invoke(Unknown Source)
at sun.reflect.DelegatingMethodAccessorImpl.invoke(DelegatingMethodAccessorImpl.java:43)
at java.lang.reflect.Method.invoke(Method.java:498)
at org.testng.internal.MethodInvocationHelper.invokeMethod(MethodInvocationHelper.java:132)
at org.testng.internal.MethodInvocationHelper.invokeMethodConsideringTimeout(MethodInvocationHelper.java:61)
at org.testng.internal.ConfigInvoker.invokeConfigurationMethod(ConfigInvoker.java:366)
at org.testng.internal.ConfigInvoker.invokeConfigurations(ConfigInvoker.java:320)
at org.testng.internal.TestInvoker.runConfigMethods(TestInvoker.java:701)
at org.testng.internal.TestInvoker.invokeMethod(TestInvoker.java:527)
at org.testng.internal.TestInvoker.invokeTestMethod(TestInvoker.java:174)
at org.testng.internal.MethodRunner.runInSequence(MethodRunner.java:46)
at org.testng.internal.TestInvoker$MethodInvocationAgent.invoke(TestInvoker.java:822)
at org.testng.internal.TestInvoker.invokeTestMethods(TestInvoker.java:147)
at org.testng.internal.TestMethodWorker.invokeTestMethods(TestMethodWorker.java:146)
at org.testng.internal.TestMethodWorker.run(TestMethodWorker.java:128)
at java.util.ArrayList.forEach(ArrayList.java:1249)
at org.testng.TestRunner.privateRun(TestRunner.java:764)
at org.testng.TestRunner.run(TestRunner.java:585)
at org.testng.SuiteRunner.runTest(SuiteRunner.java:384)
at org.testng.SuiteRunner.runSequentially(SuiteRunner.java:378)
at org.testng.SuiteRunner.privateRun(SuiteRunner.java:337)
at org.testng.SuiteRunner.run(SuiteRunner.java:286)
at org.testng.SuiteRunnerWorker.runSuite(SuiteRunnerWorker.java:53)
at org.testng.SuiteRunnerWorker.run(SuiteRunnerWorker.java:96)
at org.testng.TestNG.runSuitesSequentially(TestNG.java:1218)
at org.testng.TestNG.runSuitesLocally(TestNG.java:1140)
at org.testng.TestNG.runSuites(TestNG.java:1069)
at org.testng.TestNG.run(TestNG.java:1037)
at runner.TestNGRunner.run(TestNGRunner.java:75)
at runner.JSONRunner.main(JSONRunner.java:110)
]]>
            </full-stacktrace>
          </exception> <!-- org.testng.SkipException -->
          <reporter-output>
          </reporter-output>
        </test-method> <!-- verifyTransactionHistory -->
        <test-method status="SKIP" signature="verifyStockQuantity(java.lang.String, org.testng.ITestContext)[pri:0, instance:testcases.rediff.StockManagement@724af044]" name="verifyStockQuantity" duration-ms="0" started-at="2021-05-14T09:45:39 IST" finished-at="2021-05-14T09:45:39 IST">
          <params>
            <param index="0">
              <value>
                <![CDATA[addstock]]>
              </value>
            </param>
            <param index="1">
              <value>
                <![CDATA[org.testng.TestRunner@3e4f2300]]>
              </value>
            </param>
          </params>
          <exception class="org.testng.SkipException">
            <message>
              <![CDATA[Critical Failure in Previous Tests]]>
            </message>
            <full-stacktrace>
              <![CDATA[org.testng.SkipException: Critical Failure in Previous Tests
at testbase.BaseTest.beforeMethod(BaseTest.java:73)
at sun.reflect.GeneratedMethodAccessor27.invoke(Unknown Source)
at sun.reflect.DelegatingMethodAccessorImpl.invoke(DelegatingMethodAccessorImpl.java:43)
at java.lang.reflect.Method.invoke(Method.java:498)
at org.testng.internal.MethodInvocationHelper.invokeMethod(MethodInvocationHelper.java:132)
at org.testng.internal.MethodInvocationHelper.invokeMethodConsideringTimeout(MethodInvocationHelper.java:61)
at org.testng.internal.ConfigInvoker.invokeConfigurationMethod(ConfigInvoker.java:366)
at org.testng.internal.ConfigInvoker.invokeConfigurations(ConfigInvoker.java:320)
at org.testng.internal.TestInvoker.runConfigMethods(TestInvoker.java:701)
at org.testng.internal.TestInvoker.invokeMethod(TestInvoker.java:527)
at org.testng.internal.TestInvoker.invokeTestMethod(TestInvoker.java:174)
at org.testng.internal.MethodRunner.runInSequence(MethodRunner.java:46)
at org.testng.internal.TestInvoker$MethodInvocationAgent.invoke(TestInvoker.java:822)
at org.testng.internal.TestInvoker.invokeTestMethods(TestInvoker.java:147)
at org.testng.internal.TestMethodWorker.invokeTestMethods(TestMethodWorker.java:146)
at org.testng.internal.TestMethodWorker.run(TestMethodWorker.java:128)
at java.util.ArrayList.forEach(ArrayList.java:1249)
at org.testng.TestRunner.privateRun(TestRunner.java:764)
at org.testng.TestRunner.run(TestRunner.java:585)
at org.testng.SuiteRunner.runTest(SuiteRunner.java:384)
at org.testng.SuiteRunner.runSequentially(SuiteRunner.java:378)
at org.testng.SuiteRunner.privateRun(SuiteRunner.java:337)
at org.testng.SuiteRunner.run(SuiteRunner.java:286)
at org.testng.SuiteRunnerWorker.runSuite(SuiteRunnerWorker.java:53)
at org.testng.SuiteRunnerWorker.run(SuiteRunnerWorker.java:96)
at org.testng.TestNG.runSuitesSequentially(TestNG.java:1218)
at org.testng.TestNG.runSuitesLocally(TestNG.java:1140)
at org.testng.TestNG.runSuites(TestNG.java:1069)
at org.testng.TestNG.run(TestNG.java:1037)
at runner.TestNGRunner.run(TestNGRunner.java:75)
at runner.JSONRunner.main(JSONRunner.java:110)
]]>
            </full-stacktrace>
          </exception> <!-- org.testng.SkipException -->
          <reporter-output>
          </reporter-output>
        </test-method> <!-- verifyStockQuantity -->
        <test-method status="SKIP" signature="beforeMethod(org.testng.ITestContext)[pri:0, instance:testcases.rediff.StockManagement@724af044]" name="beforeMethod" is-config="true" duration-ms="0" started-at="2021-05-14T09:45:39 IST" finished-at="2021-05-14T09:45:39 IST">
          <params>
            <param index="0">
              <value>
                <![CDATA[org.testng.TestRunner@3e4f2300]]>
              </value>
            </param>
          </params>
          <exception class="org.testng.SkipException">
            <message>
              <![CDATA[Critical Failure in Previous Tests]]>
            </message>
            <full-stacktrace>
              <![CDATA[org.testng.SkipException: Critical Failure in Previous Tests
at testbase.BaseTest.beforeMethod(BaseTest.java:73)
at sun.reflect.GeneratedMethodAccessor27.invoke(Unknown Source)
at sun.reflect.DelegatingMethodAccessorImpl.invoke(DelegatingMethodAccessorImpl.java:43)
at java.lang.reflect.Method.invoke(Method.java:498)
at org.testng.internal.MethodInvocationHelper.invokeMethod(MethodInvocationHelper.java:132)
at org.testng.internal.MethodInvocationHelper.invokeMethodConsideringTimeout(MethodInvocationHelper.java:61)
at org.testng.internal.ConfigInvoker.invokeConfigurationMethod(ConfigInvoker.java:366)
at org.testng.internal.ConfigInvoker.invokeConfigurations(ConfigInvoker.java:320)
at org.testng.internal.TestInvoker.runConfigMethods(TestInvoker.java:701)
at org.testng.internal.TestInvoker.invokeMethod(TestInvoker.java:527)
at org.testng.internal.TestInvoker.invokeTestMethod(TestInvoker.java:174)
at org.testng.internal.MethodRunner.runInSequence(MethodRunner.java:46)
at org.testng.internal.TestInvoker$MethodInvocationAgent.invoke(TestInvoker.java:822)
at org.testng.internal.TestInvoker.invokeTestMethods(TestInvoker.java:147)
at org.testng.internal.TestMethodWorker.invokeTestMethods(TestMethodWorker.java:146)
at org.testng.internal.TestMethodWorker.run(TestMethodWorker.java:128)
at java.util.ArrayList.forEach(ArrayList.java:1249)
at org.testng.TestRunner.privateRun(TestRunner.java:764)
at org.testng.TestRunner.run(TestRunner.java:585)
at org.testng.SuiteRunner.runTest(SuiteRunner.java:384)
at org.testng.SuiteRunner.runSequentially(SuiteRunner.java:378)
at org.testng.SuiteRunner.privateRun(SuiteRunner.java:337)
at org.testng.SuiteRunner.run(SuiteRunner.java:286)
at org.testng.SuiteRunnerWorker.runSuite(SuiteRunnerWorker.java:53)
at org.testng.SuiteRunnerWorker.run(SuiteRunnerWorker.java:96)
at org.testng.TestNG.runSuitesSequentially(TestNG.java:1218)
at org.testng.TestNG.runSuitesLocally(TestNG.java:1140)
at org.testng.TestNG.runSuites(TestNG.java:1069)
at org.testng.TestNG.run(TestNG.java:1037)
at runner.TestNGRunner.run(TestNGRunner.java:75)
at runner.JSONRunner.main(JSONRunner.java:110)
]]>
            </full-stacktrace>
          </exception> <!-- org.testng.SkipException -->
          <reporter-output>
          </reporter-output>
        </test-method> <!-- beforeMethod -->
      </class> <!-- testcases.rediff.StockManagement -->
    </test> <!-- Modify Stock-Buy Existing Stock-It.2 -->
  </suite> <!-- Stock Suite -->
</testng-results>
